c:\users\ccm13\desktop\myprojects\newproject\jaraffeengine\engine\x64\debug\jaraffeengine.pch
c:\users\ccm13\desktop\myprojects\newproject\jaraffeengine\engine\x64\debug\vc140.pdb
c:\users\ccm13\desktop\myprojects\newproject\jaraffeengine\engine\x64\debug\vc140.idb
c:\users\ccm13\desktop\myprojects\newproject\jaraffeengine\engine\x64\debug\stdafx.obj
c:\users\ccm13\desktop\myprojects\newproject\jaraffeengine\engine\x64\debug\coreglobal.obj
c:\users\ccm13\desktop\myprojects\newproject\jaraffeengine\engine\x64\debug\platformallocator.obj
c:\users\ccm13\desktop\myprojects\newproject\jaraffeengine\engine\x64\debug\windowsallocator.obj
c:\users\ccm13\desktop\myprojects\newproject\jaraffeengine\engine\x64\debug\main.obj
c:\users\ccm13\desktop\myprojects\newproject\jaraffeengine\engine\x64\debug\memory.obj
c:\users\ccm13\desktop\myprojects\newproject\jaraffeengine\engine\x64\debug\tbballocator.obj
c:\users\ccm13\desktop\myprojects\newproject\jaraffeengine\engine\x64\debug\glfwwindow.obj
c:\users\ccm13\desktop\myprojects\newproject\jaraffeengine\engine\x64\debug\genericwindow.obj
c:\users\ccm13\desktop\myprojects\newproject\jaraffeengine\engine\x64\debug\systemallocator.obj
c:\users\ccm13\desktop\myprojects\newproject\jaraffeengine\x64\debug\jaraffeengine.ilk
c:\users\ccm13\desktop\myprojects\newproject\jaraffeengine\x64\debug\jaraffeengine.exe
c:\users\ccm13\desktop\myprojects\newproject\jaraffeengine\x64\debug\jaraffeengine.pdb
c:\users\ccm13\desktop\myprojects\newproject\jaraffeengine\engine\x64\debug\jaraffeengine.tlog\cl.command.1.tlog
c:\users\ccm13\desktop\myprojects\newproject\jaraffeengine\engine\x64\debug\jaraffeengine.tlog\cl.read.1.tlog
c:\users\ccm13\desktop\myprojects\newproject\jaraffeengine\engine\x64\debug\jaraffeengine.tlog\cl.write.1.tlog
c:\users\ccm13\desktop\myprojects\newproject\jaraffeengine\engine\x64\debug\jaraffeengine.tlog\link.command.1.tlog
c:\users\ccm13\desktop\myprojects\newproject\jaraffeengine\engine\x64\debug\jaraffeengine.tlog\link.read.1.tlog
c:\users\ccm13\desktop\myprojects\newproject\jaraffeengine\engine\x64\debug\jaraffeengine.tlog\link.write.1.tlog
