  stdafx.cpp
  main.cpp
  VulkanSwapchain.cpp
  VulkanSurface.cpp
  VulkanShaderModule.cpp
  VulkanSemaphore.cpp
  VulkanPipeline.cpp
  VulkanPhysicalDevice.cpp
  VulkanInstance.cpp
  VulkanFrameBuffer.cpp
  VulkanExtensionsInfo.cpp
  VulkanDynamicRHI.cpp
  VulkanDevice.cpp
  VulkanCommandPool.cpp
  VulkanCommandBuffer.cpp
  VertexLayout.cpp
  DynamicRHI.cpp
  Memory.cpp
  TBBAllocator.cpp
  SystemAllocator.cpp
  GenericFile.cpp
  코드를 생성하고 있습니다...
  컴파일하고 있습니다...
  GLFWWindow.cpp
  GenericWindow.cpp
  CoreGlobal.cpp
  코드를 생성하고 있습니다...
LINK : warning LNK4098: 'MSVCRT' defaultlib가 다른 라이브러리와 충돌합니다. /NODEFAULTLIB:library를 사용하십시오.
  JaraffeEngine.vcxproj -> D:\NewProject\JaraffeEngine\x64\Debug\JaraffeEngine.exe
  JaraffeEngine.vcxproj -> D:\NewProject\JaraffeEngine\x64\Debug\JaraffeEngine.pdb (Full PDB)
